Build started 2016.11.06. 13:50:47.
     1>Project "D:\Git\Season3\MuOnlineS3\GreatDev Krono Emulator\GameServer.vcxproj" on node 2 (Build target(s)).
     1>ClCompile:
         C:\Program Files (x86)\Microsoft Visual Studio 10.0\VC\bin\CL.exe /c /Zi /nologo /W3 /WX- /O2 /Ob1 /Oy- /D WIN32 /D NDEBUG /D _WINDOWS /D _VC80_UPGRADE=0x0600 /D _MBCS /GF /Gm- /EHsc /MT /GS /Gy /fp:precise /Zc:wchar_t /Zc:forScope /Yu"stdafx.h" /Fp".\Release\GameServer.pch" /Fo".\Release\\" /Fd".\Release\vc100.pdb" /Gd /TP /analyze- /errorReport:prompt GameMain.cpp
         GameMain.cpp
       Link:
         C:\Program Files (x86)\Microsoft Visual Studio 10.0\VC\bin\link.exe /ERRORREPORT:PROMPT /OUT:".\Release\GameServer.exe" /INCREMENTAL:NO /NOLOGO odbc32.lib odbccp32.lib kernel32.lib user32.lib gdi32.lib winspool.lib comdlg32.lib advapi32.lib shell32.lib ole32.lib oleaut32.lib uuid.lib odbc32.lib odbccp32.lib /MANIFEST /ManifestFile:".\Release\Temp\GameServer.exe.intermediate.manifest" /MANIFESTUAC:"level='asInvoker' uiAccess='false'" /PDB:"D:\Git\Season3\MuOnlineS3\GreatDev Krono Emulator\Release\GameServer.pdb" /SUBSYSTEM:WINDOWS /TLBID:1 /DYNAMICBASE /NXCOMPAT /IMPLIB:".\Release\GameServer.lib" /MACHINE:X86 .\Release\Temp\GameServer.res
         .\Release\AcceptIp.obj
         .\Release\AttackEvent.obj
         .\Release\BattleGround.obj
         .\Release\BattleSoccer.obj
         .\Release\BattleSoccerManager.obj
         .\Release\BloodCastle.obj
         .\Release\CallStackTrace.obj
         .\Release\CannonTower.obj
         .\Release\CashItemPeriodSystem.obj
         .\Release\CashLotterySystem.obj
         .\Release\CashShop.obj
         .\Release\CastleCrown.obj
         .\Release\CastleCrownSwitch.obj
         .\Release\CastleDeepEvent.obj
         .\Release\CastleSiege.obj
         .\Release\CastleSiegeSync.obj
         .\Release\ChaosBox.obj
         .\Release\ChaosCastle.obj
         .\Release\ChaosCastleSetItemDrop.obj
         .\Release\ChinaHackUserKick.obj
         .\Release\classdef.obj
         .\Release\CLoginCount.obj
         .\Release\ClosePlayer.obj
         .\Release\ComboAttack.obj
         .\Release\ConMember.obj
         .\Release\Crywolf.obj
         .\Release\CrywolfAltar.obj
         .\Release\CrywolfDarkElf.obj
         .\Release\CrywolfMonster.obj
         .\Release\CrywolfStateTimeInfo.obj
         .\Release\CrywolfStatue.obj
         .\Release\CrywolfSync.obj
         .\Release\CrywolfTanker.obj
         .\Release\CrywolfUtil.obj
         .\Release\CWhatsUpDummyServer.obj
         .\Release\DarkSpirit.obj
         .\Release\DbSave.obj
         .\Release\DBSockMng.obj
         .\Release\DevilSquare.obj
         .\Release\DevilSquareGround.obj
         .\Release\DirPath.obj
         .\Release\DragonEvent.obj
         .\Release\DSProtocol.obj
         .\Release\EDSProtocol.obj
         .\Release\EledoradoEvent.obj
         .\Release\Event.obj
         .\Release\EventManagement.obj
         .\Release\GameEvent.obj
         .\Release\GameMain.obj
         .\Release\GameServer.obj
         .\Release\GameServerAuth.obj
         .\Release\Gate.obj
         .\Release\giocp.obj
         .\Release\GMMng.obj
         .\Release\GmSystem.obj
         .\Release\gObjMonster.obj
         .\Release\Guardian.obj
         .\Release\GuardianStatue.obj
         .\Release\GuildClass.obj
         .\Release\IllusionTemple.obj
         .\Release\IpCache.obj
         .\Release\ItemAddOption.obj
         .\Release\ItemBag.obj
         .\Release\ItemBagEx.obj
         .\Release\ItemSystemFor380.obj
         .\Release\JewelMixSystem.obj
         .\Release\JewelOfHarmonySystem.obj
         .\Release\KalimaGate.obj
         .\Release\Kanturu.obj
         .\Release\KanturuBattleOfMaya.obj
         .\Release\KanturuBattleOfNightmare.obj
         .\Release\KanturuBattleStanby.obj
         .\Release\KanturuBattleUserMng.obj
         .\Release\KanturuEntranceNPC.obj
         .\Release\KanturuMaya.obj
         .\Release\KanturuMonsterMng.obj
         .\Release\KanturuNightmare.obj
         .\Release\KanturuStateInfo.obj
         .\Release\KanturuTowerOfRefinement.obj
         .\Release\KanturuUtil.obj
         .\Release\LargeRand.obj
         .\Release\LifeStone.obj
         .\Release\Logger.obj
         .\Release\LogProc.obj
         .\Release\LogToFile.obj
         .\Release\MagicDamage.obj
         .\Release\MagicInf.obj
         .\Release\MapClass.obj
         .\Release\MapItem.obj
         .\Release\MapServerManager.obj
         .\Release\Mercenary.obj
         .\Release\MonsterAttr.obj
         .\Release\MonsterHerd.obj
         .\Release\MonsterItemMng.obj
         .\Release\MonsterSetBase.obj
         .\Release\MoveCheck.obj
         .\Release\MoveCommand.obj
         .\Release\MultiAttackHackCheck.obj
         .\Release\MultiCheckSum.obj
         .\Release\MuMsg.obj
         .\Release\MyWinsockBase.obj
         .\Release\NpcTalk.obj
         .\Release\NSerialCheck.obj
         .\Release\ObjAttack.obj
         .\Release\ObjBaseAttack.obj
         .\Release\ObjCalCharacter.obj
         .\Release\ObjUseSkill.obj
         .\Release\PacketCheckSum.obj
         .\Release\PartyClass.obj
         .\Release\protocol.obj
         .\Release\QuestInfo.obj
         .\Release\QuestUtil.obj
         .\Release\RingAttackEvent.obj
         .\Release\SendHackLog.obj
         .\Release\SetItemMacro.obj
         .\Release\SetItemOption.obj
         .\Release\Shop.obj
         .\Release\SimpleModulus.obj
         .\Release\SkillAdditionInfo.obj
         .\Release\SkillDelay.obj
         .\Release\SkillHitBox.obj
         .\Release\SProtocol.obj
         .\Release\StatMng.obj
         .\Release\StdAfx.obj
         .\Release\TDurMagicKeyChecker.obj
         .\Release\TMonsterAI.obj
         .\Release\TMonsterAIAgro.obj
         .\Release\TMonsterAIAutomata.obj
         .\Release\TMonsterAIElement.obj
         .\Release\TMonsterAIGroup.obj
         .\Release\TMonsterAIGroupMember.obj
         .\Release\TMonsterAIMovePath.obj
         .\Release\TMonsterAIRule.obj
         .\Release\TMonsterAIRuleInfo.obj
         .\Release\TMonsterAIUnit.obj
         .\Release\TMonsterAIUtil.obj
         .\Release\TMonsterSkillElement.obj
         .\Release\TMonsterSkillElementInfo.obj
         .\Release\TMonsterSkillManager.obj
         .\Release\TMonsterSkillUnit.obj
         .\Release\TNotice.obj
         .\Release\TRandomPoolMgr.obj
         .\Release\TServerAlertManager.obj
         .\Release\TServerInfoDisplayer.obj
         .\Release\TStatistics.obj
         .\Release\TSync.obj
         .\Release\TUnion.obj
         .\Release\TUnionInfo.obj
         .\Release\user.obj
         .\Release\ViewportGuild.obj
         .\Release\Weapon.obj
         .\Release\WhisperCash.obj
         .\Release\winutil.obj
         .\Release\wsGameServer.obj
         .\Release\wsJoinServerCli.obj
         .\Release\wsShopServerCli.obj
         .\Release\WzMemScript.obj
         .\Release\WzMultiCastSock.obj
         .\Release\WzQueue.obj
         .\Release\WZScriptEncode.obj
         .\Release\WzUdp.obj
         .\Release\zzzitem.obj
         .\Release\zzzmathlib.obj
         SimpleModulus.lib
         GameServer.vcxproj -> D:\Git\Season3\MuOnlineS3\GreatDev Krono Emulator\.\Release\GameServer.exe
       Manifest:
         C:\Program Files (x86)\Microsoft SDKs\Windows\v7.0A\bin\mt.exe /nologo /verbose /outputresource:".\Release\GameServer.exe;#1" /manifest .\Release\Temp\GameServer.exe.intermediate.manifest
     1>Done Building Project "D:\Git\Season3\MuOnlineS3\GreatDev Krono Emulator\GameServer.vcxproj" (Build target(s)).

Build succeeded.

Time Elapsed 00:00:02.04
