d:\git\season3\muonlines3\greatdev krono emulator\release\gameserver.pch
d:\git\season3\muonlines3\greatdev krono emulator\release\stdafx.obj
d:\git\season3\muonlines3\greatdev krono emulator\release\vc100.pdb
d:\git\season3\muonlines3\greatdev krono emulator\release\chinahackuserkick.obj
d:\git\season3\muonlines3\greatdev krono emulator\release\chaoscastlesetitemdrop.obj
d:\git\season3\muonlines3\greatdev krono emulator\release\chaoscastle.obj
d:\git\season3\muonlines3\greatdev krono emulator\release\chaosbox.obj
d:\git\season3\muonlines3\greatdev krono emulator\release\castlesiegesync.obj
d:\git\season3\muonlines3\greatdev krono emulator\release\castlesiege.obj
d:\git\season3\muonlines3\greatdev krono emulator\release\castledeepevent.obj
d:\git\season3\muonlines3\greatdev krono emulator\release\castlecrownswitch.obj
d:\git\season3\muonlines3\greatdev krono emulator\release\castlecrown.obj
d:\git\season3\muonlines3\greatdev krono emulator\release\cashshop.obj
d:\git\season3\muonlines3\greatdev krono emulator\release\cashlotterysystem.obj
d:\git\season3\muonlines3\greatdev krono emulator\release\cashitemperiodsystem.obj
d:\git\season3\muonlines3\greatdev krono emulator\release\cannontower.obj
d:\git\season3\muonlines3\greatdev krono emulator\release\callstacktrace.obj
d:\git\season3\muonlines3\greatdev krono emulator\release\bloodcastle.obj
d:\git\season3\muonlines3\greatdev krono emulator\release\battlesoccermanager.obj
d:\git\season3\muonlines3\greatdev krono emulator\release\battlesoccer.obj
d:\git\season3\muonlines3\greatdev krono emulator\release\battleground.obj
d:\git\season3\muonlines3\greatdev krono emulator\release\attackevent.obj
d:\git\season3\muonlines3\greatdev krono emulator\release\acceptip.obj
d:\git\season3\muonlines3\greatdev krono emulator\release\devilsquareground.obj
d:\git\season3\muonlines3\greatdev krono emulator\release\devilsquare.obj
d:\git\season3\muonlines3\greatdev krono emulator\release\dbsockmng.obj
d:\git\season3\muonlines3\greatdev krono emulator\release\dbsave.obj
d:\git\season3\muonlines3\greatdev krono emulator\release\darkspirit.obj
d:\git\season3\muonlines3\greatdev krono emulator\release\cwhatsupdummyserver.obj
d:\git\season3\muonlines3\greatdev krono emulator\release\crywolfutil.obj
d:\git\season3\muonlines3\greatdev krono emulator\release\crywolftanker.obj
d:\git\season3\muonlines3\greatdev krono emulator\release\crywolfsync.obj
d:\git\season3\muonlines3\greatdev krono emulator\release\crywolfstatue.obj
d:\git\season3\muonlines3\greatdev krono emulator\release\crywolfstatetimeinfo.obj
d:\git\season3\muonlines3\greatdev krono emulator\release\crywolfmonster.obj
d:\git\season3\muonlines3\greatdev krono emulator\release\crywolfdarkelf.obj
d:\git\season3\muonlines3\greatdev krono emulator\release\crywolfaltar.obj
d:\git\season3\muonlines3\greatdev krono emulator\release\crywolf.obj
d:\git\season3\muonlines3\greatdev krono emulator\release\conmember.obj
d:\git\season3\muonlines3\greatdev krono emulator\release\comboattack.obj
d:\git\season3\muonlines3\greatdev krono emulator\release\closeplayer.obj
d:\git\season3\muonlines3\greatdev krono emulator\release\clogincount.obj
d:\git\season3\muonlines3\greatdev krono emulator\release\classdef.obj
d:\git\season3\muonlines3\greatdev krono emulator\release\illusiontemple.obj
d:\git\season3\muonlines3\greatdev krono emulator\release\guildclass.obj
d:\git\season3\muonlines3\greatdev krono emulator\release\guardianstatue.obj
d:\git\season3\muonlines3\greatdev krono emulator\release\guardian.obj
d:\git\season3\muonlines3\greatdev krono emulator\release\gobjmonster.obj
d:\git\season3\muonlines3\greatdev krono emulator\release\gmsystem.obj
d:\git\season3\muonlines3\greatdev krono emulator\release\gmmng.obj
d:\git\season3\muonlines3\greatdev krono emulator\release\giocp.obj
d:\git\season3\muonlines3\greatdev krono emulator\release\gate.obj
d:\git\season3\muonlines3\greatdev krono emulator\release\gameserverauth.obj
d:\git\season3\muonlines3\greatdev krono emulator\release\gameserver.obj
d:\git\season3\muonlines3\greatdev krono emulator\release\gamemain.obj
d:\git\season3\muonlines3\greatdev krono emulator\release\gameevent.obj
d:\git\season3\muonlines3\greatdev krono emulator\release\eventmanagement.obj
d:\git\season3\muonlines3\greatdev krono emulator\release\event.obj
d:\git\season3\muonlines3\greatdev krono emulator\release\eledoradoevent.obj
d:\git\season3\muonlines3\greatdev krono emulator\release\edsprotocol.obj
d:\git\season3\muonlines3\greatdev krono emulator\release\dsprotocol.obj
d:\git\season3\muonlines3\greatdev krono emulator\release\dragonevent.obj
d:\git\season3\muonlines3\greatdev krono emulator\release\dirpath.obj
d:\git\season3\muonlines3\greatdev krono emulator\release\kanturuutil.obj
d:\git\season3\muonlines3\greatdev krono emulator\release\kanturutowerofrefinement.obj
d:\git\season3\muonlines3\greatdev krono emulator\release\kanturustateinfo.obj
d:\git\season3\muonlines3\greatdev krono emulator\release\kanturunightmare.obj
d:\git\season3\muonlines3\greatdev krono emulator\release\kanturumonstermng.obj
d:\git\season3\muonlines3\greatdev krono emulator\release\kanturumaya.obj
d:\git\season3\muonlines3\greatdev krono emulator\release\kanturuentrancenpc.obj
d:\git\season3\muonlines3\greatdev krono emulator\release\kanturubattleusermng.obj
d:\git\season3\muonlines3\greatdev krono emulator\release\kanturubattlestanby.obj
d:\git\season3\muonlines3\greatdev krono emulator\release\kanturubattleofnightmare.obj
d:\git\season3\muonlines3\greatdev krono emulator\release\kanturubattleofmaya.obj
d:\git\season3\muonlines3\greatdev krono emulator\release\kanturu.obj
d:\git\season3\muonlines3\greatdev krono emulator\release\kalimagate.obj
d:\git\season3\muonlines3\greatdev krono emulator\release\jewelmixsystem.obj
d:\git\season3\muonlines3\greatdev krono emulator\release\itemsystemfor380.obj
d:\git\season3\muonlines3\greatdev krono emulator\release\itembagex.obj
d:\git\season3\muonlines3\greatdev krono emulator\release\itembag.obj
d:\git\season3\muonlines3\greatdev krono emulator\release\itemaddoption.obj
d:\git\season3\muonlines3\greatdev krono emulator\release\ipcache.obj
d:\git\season3\muonlines3\greatdev krono emulator\release\mumsg.obj
d:\git\season3\muonlines3\greatdev krono emulator\release\multichecksum.obj
d:\git\season3\muonlines3\greatdev krono emulator\release\multiattackhackcheck.obj
d:\git\season3\muonlines3\greatdev krono emulator\release\movecommand.obj
d:\git\season3\muonlines3\greatdev krono emulator\release\movecheck.obj
d:\git\season3\muonlines3\greatdev krono emulator\release\monstersetbase.obj
d:\git\season3\muonlines3\greatdev krono emulator\release\monsteritemmng.obj
d:\git\season3\muonlines3\greatdev krono emulator\release\monsterherd.obj
d:\git\season3\muonlines3\greatdev krono emulator\release\monsterattr.obj
d:\git\season3\muonlines3\greatdev krono emulator\release\mercenary.obj
d:\git\season3\muonlines3\greatdev krono emulator\release\mapservermanager.obj
d:\git\season3\muonlines3\greatdev krono emulator\release\mapitem.obj
d:\git\season3\muonlines3\greatdev krono emulator\release\mapclass.obj
d:\git\season3\muonlines3\greatdev krono emulator\release\magicinf.obj
d:\git\season3\muonlines3\greatdev krono emulator\release\magicdamage.obj
d:\git\season3\muonlines3\greatdev krono emulator\release\logtofile.obj
d:\git\season3\muonlines3\greatdev krono emulator\release\logproc.obj
d:\git\season3\muonlines3\greatdev krono emulator\release\logger.obj
d:\git\season3\muonlines3\greatdev krono emulator\release\lifestone.obj
d:\git\season3\muonlines3\greatdev krono emulator\release\largerand.obj
d:\git\season3\muonlines3\greatdev krono emulator\release\skilldelay.obj
d:\git\season3\muonlines3\greatdev krono emulator\release\skilladditioninfo.obj
d:\git\season3\muonlines3\greatdev krono emulator\release\simplemodulus.obj
d:\git\season3\muonlines3\greatdev krono emulator\release\shop.obj
d:\git\season3\muonlines3\greatdev krono emulator\release\setitemoption.obj
d:\git\season3\muonlines3\greatdev krono emulator\release\setitemmacro.obj
d:\git\season3\muonlines3\greatdev krono emulator\release\sendhacklog.obj
d:\git\season3\muonlines3\greatdev krono emulator\release\ringattackevent.obj
d:\git\season3\muonlines3\greatdev krono emulator\release\questutil.obj
d:\git\season3\muonlines3\greatdev krono emulator\release\questinfo.obj
d:\git\season3\muonlines3\greatdev krono emulator\release\protocol.obj
d:\git\season3\muonlines3\greatdev krono emulator\release\partyclass.obj
d:\git\season3\muonlines3\greatdev krono emulator\release\packetchecksum.obj
d:\git\season3\muonlines3\greatdev krono emulator\release\objuseskill.obj
d:\git\season3\muonlines3\greatdev krono emulator\release\objcalcharacter.obj
d:\git\season3\muonlines3\greatdev krono emulator\release\objbaseattack.obj
d:\git\season3\muonlines3\greatdev krono emulator\release\objattack.obj
d:\git\season3\muonlines3\greatdev krono emulator\release\nserialcheck.obj
d:\git\season3\muonlines3\greatdev krono emulator\release\npctalk.obj
d:\git\season3\muonlines3\greatdev krono emulator\release\mywinsockbase.obj
d:\git\season3\muonlines3\greatdev krono emulator\release\tnotice.obj
d:\git\season3\muonlines3\greatdev krono emulator\release\tmonsterskillunit.obj
d:\git\season3\muonlines3\greatdev krono emulator\release\tmonsterskillmanager.obj
d:\git\season3\muonlines3\greatdev krono emulator\release\tmonsterskillelementinfo.obj
d:\git\season3\muonlines3\greatdev krono emulator\release\tmonsterskillelement.obj
d:\git\season3\muonlines3\greatdev krono emulator\release\tmonsteraiutil.obj
d:\git\season3\muonlines3\greatdev krono emulator\release\tmonsteraiunit.obj
d:\git\season3\muonlines3\greatdev krono emulator\release\tmonsterairuleinfo.obj
d:\git\season3\muonlines3\greatdev krono emulator\release\tmonsterairule.obj
d:\git\season3\muonlines3\greatdev krono emulator\release\tmonsteraimovepath.obj
d:\git\season3\muonlines3\greatdev krono emulator\release\tmonsteraigroupmember.obj
d:\git\season3\muonlines3\greatdev krono emulator\release\tmonsteraigroup.obj
d:\git\season3\muonlines3\greatdev krono emulator\release\tmonsteraielement.obj
d:\git\season3\muonlines3\greatdev krono emulator\release\tmonsteraiautomata.obj
d:\git\season3\muonlines3\greatdev krono emulator\release\tmonsteraiagro.obj
d:\git\season3\muonlines3\greatdev krono emulator\release\tmonsterai.obj
d:\git\season3\muonlines3\greatdev krono emulator\release\tdurmagickeychecker.obj
d:\git\season3\muonlines3\greatdev krono emulator\release\statmng.obj
d:\git\season3\muonlines3\greatdev krono emulator\release\sprotocol.obj
d:\git\season3\muonlines3\greatdev krono emulator\release\skillhitbox.obj
d:\git\season3\muonlines3\greatdev krono emulator\release\wzudp.obj
d:\git\season3\muonlines3\greatdev krono emulator\release\wzscriptencode.obj
d:\git\season3\muonlines3\greatdev krono emulator\release\wzqueue.obj
d:\git\season3\muonlines3\greatdev krono emulator\release\wzmulticastsock.obj
d:\git\season3\muonlines3\greatdev krono emulator\release\wzmemscript.obj
d:\git\season3\muonlines3\greatdev krono emulator\release\wsshopservercli.obj
d:\git\season3\muonlines3\greatdev krono emulator\release\wsjoinservercli.obj
d:\git\season3\muonlines3\greatdev krono emulator\release\wsgameserver.obj
d:\git\season3\muonlines3\greatdev krono emulator\release\winutil.obj
d:\git\season3\muonlines3\greatdev krono emulator\release\whispercash.obj
d:\git\season3\muonlines3\greatdev krono emulator\release\weapon.obj
d:\git\season3\muonlines3\greatdev krono emulator\release\viewportguild.obj
d:\git\season3\muonlines3\greatdev krono emulator\release\user.obj
d:\git\season3\muonlines3\greatdev krono emulator\release\tunioninfo.obj
d:\git\season3\muonlines3\greatdev krono emulator\release\tunion.obj
d:\git\season3\muonlines3\greatdev krono emulator\release\tsync.obj
d:\git\season3\muonlines3\greatdev krono emulator\release\tstatistics.obj
d:\git\season3\muonlines3\greatdev krono emulator\release\tserverinfodisplayer.obj
d:\git\season3\muonlines3\greatdev krono emulator\release\tserveralertmanager.obj
d:\git\season3\muonlines3\greatdev krono emulator\release\trandompoolmgr.obj
d:\git\season3\muonlines3\greatdev krono emulator\release\zzzmathlib.obj
d:\git\season3\muonlines3\greatdev krono emulator\release\zzzitem.obj
d:\git\season3\muonlines3\greatdev krono emulator\release\jewelofharmonysystem.obj
d:\git\season3\muonlines3\greatdev krono emulator\release\gameserver.exe
d:\git\season3\muonlines3\greatdev krono emulator\release\temp\gameserver.exe.intermediate.manifest
d:\git\season3\muonlines3\greatdev krono emulator\release\temp\gameserver.res
d:\git\season3\muonlines3\greatdev krono emulator\release\temp\cl.command.1.tlog
d:\git\season3\muonlines3\greatdev krono emulator\release\temp\cl.read.1.tlog
d:\git\season3\muonlines3\greatdev krono emulator\release\temp\cl.write.1.tlog
d:\git\season3\muonlines3\greatdev krono emulator\release\temp\link-cvtres.read.1.tlog
d:\git\season3\muonlines3\greatdev krono emulator\release\temp\link-cvtres.write.1.tlog
d:\git\season3\muonlines3\greatdev krono emulator\release\temp\link.command.1.tlog
d:\git\season3\muonlines3\greatdev krono emulator\release\temp\link.read.1.tlog
d:\git\season3\muonlines3\greatdev krono emulator\release\temp\link.write.1.tlog
d:\git\season3\muonlines3\greatdev krono emulator\release\temp\mt.command.1.tlog
d:\git\season3\muonlines3\greatdev krono emulator\release\temp\mt.read.1.tlog
d:\git\season3\muonlines3\greatdev krono emulator\release\temp\mt.write.1.tlog
d:\git\season3\muonlines3\greatdev krono emulator\release\temp\rc.command.1.tlog
d:\git\season3\muonlines3\greatdev krono emulator\release\temp\rc.read.1.tlog
d:\git\season3\muonlines3\greatdev krono emulator\release\temp\rc.write.1.tlog
d:\git\season3\muonlines3\greatdev krono emulator\.\release\gameserver.exe
